[2025-05-21T00:00:00.000Z] Log file created for troubleshooting /music play command.
[2025-05-21T12:42:30.753Z] Bot is starting up...
[2025-05-21T12:42:31.499Z] Bot logged in
[2025-05-21T12:42:32.718Z] Command used: /music by unrekable_ in Unrekable's server
[2025-05-21T12:42:32.719Z] music.js execute called by unrekable_ in Unrekable's server
[2025-05-21T12:42:32.720Z] /music play command by unrekable_ in Unrekable's server
[2025-05-21T12:42:33.938Z] Error in command /music: Error: FFmpeg/avconv not found!
[2025-05-21T12:43:00.883Z] MongoDB connection error: MongooseServerSelectionError: Could not connect to any servers in your MongoDB Atlas cluster. One common reason is that you're trying to access the database from an IP that isn't whitelisted. Make sure your current IP address is on your Atlas cluster's IP whitelist: https://www.mongodb.com/docs/atlas/security-whitelist/
[2025-05-21T12:45:06.663Z] Bot is starting up...
[2025-05-21T12:45:07.660Z] Bot logged in
[2025-05-21T12:45:21.157Z] Command used: /music by unrekable_ in Unrekable's server
[2025-05-21T12:45:21.161Z] music.js execute called by unrekable_ in Unrekable's server
[2025-05-21T12:45:21.164Z] /music play command by unrekable_ in Unrekable's server
[2025-05-21T12:45:23.780Z] Error in command /music: Error: FFmpeg/avconv not found!
[2025-05-21T12:45:24.023Z] Command used: /about by unrekable_ in Unrekable's server
[2025-05-21T12:45:36.968Z] MongoDB connection error: MongooseServerSelectionError: Could not connect to any servers in your MongoDB Atlas cluster. One common reason is that you're trying to access the database from an IP that isn't whitelisted. Make sure your current IP address is on your Atlas cluster's IP whitelist: https://www.mongodb.com/docs/atlas/security-whitelist/
[2025-05-21T12:46:34.202Z] Bot is starting up...
[2025-05-21T12:46:35.235Z] Bot logged in
[2025-05-21T12:46:46.274Z] Command used: /music by unrekable_ in Unrekable's server
[2025-05-21T12:46:46.277Z] music.js execute called by unrekable_ in Unrekable's server
[2025-05-21T12:46:46.280Z] /music play command by unrekable_ in Unrekable's server
[2025-05-21T12:46:49.076Z] Error in command /music: Error: FFmpeg/avconv not found!
[2025-05-21T12:46:57.389Z] Bot is starting up...
[2025-05-21T12:46:58.332Z] Bot logged in
[2025-05-21T12:47:27.665Z] MongoDB connection error: MongooseServerSelectionError: Could not connect to any servers in your MongoDB Atlas cluster. One common reason is that you're trying to access the database from an IP that isn't whitelisted. Make sure your current IP address is on your Atlas cluster's IP whitelist: https://www.mongodb.com/docs/atlas/security-whitelist/
[2025-05-21T12:49:21.427Z] Bot is starting up...
[2025-05-21T12:49:22.620Z] Bot logged in
[2025-05-21T12:49:37.939Z] Command used: /about by unrekable_ in Unrekable's server
[2025-05-21T12:49:42.789Z] Command used: /music by unrekable_ in Unrekable's server
[2025-05-21T12:49:42.791Z] music.js execute called by unrekable_ in Unrekable's server
[2025-05-21T12:49:42.792Z] /music play command by unrekable_ in Unrekable's server
[2025-05-21T12:49:45.347Z] Error in command /music: Error: FFmpeg/avconv not found!
[2025-05-21T12:49:51.785Z] MongoDB connection error: MongooseServerSelectionError: Could not connect to any servers in your MongoDB Atlas cluster. One common reason is that you're trying to access the database from an IP that isn't whitelisted. Make sure your current IP address is on your Atlas cluster's IP whitelist: https://www.mongodb.com/docs/atlas/security-whitelist/
[2025-05-21T12:51:16.528Z] Bot is starting up...
[2025-05-21T12:51:17.606Z] Bot logged in
[2025-05-21T12:51:46.884Z] MongoDB connection error: MongooseServerSelectionError: Could not connect to any servers in your MongoDB Atlas cluster. One common reason is that you're trying to access the database from an IP that isn't whitelisted. Make sure your current IP address is on your Atlas cluster's IP whitelist: https://www.mongodb.com/docs/atlas/security-whitelist/
[2025-05-21T12:53:01.341Z] Command used: /music by unrekable_ in Unrekable's server
[2025-05-21T12:53:01.342Z] music.js execute called by unrekable_ in Unrekable's server
[2025-05-21T12:53:01.343Z] /music play command by unrekable_ in Unrekable's server
[2025-05-21T12:53:03.930Z] Error in command /music: Error: FFmpeg/avconv not found!
